\BOOKMARK [1][-]{section.1}{\376\377\000T\000a\000b\000e\000l\000l\000e\000n\000v\000e\000r\000z\000e\000i\000c\000h\000n\000i\000s}{}% 1
\BOOKMARK [1][-]{section.2}{\376\377\000A\000b\000k\000\374\000r\000z\000u\000n\000g\000e\000n}{}% 2
\BOOKMARK [1][-]{section.3}{\376\377\000E\000i\000n\000l\000e\000i\000t\000u\000n\000g\000\040\0001\0000\000\045}{}% 3
\BOOKMARK [1][-]{section.4}{\376\377\000T\000h\000e\000o\000r\000e\000t\000i\000s\000c\000h\000e\000r\000\040\000H\000i\000n\000t\000e\000r\000g\000r\000u\000n\000d\000\040\0003\0000\000-\0004\0000\000\045}{}% 4
\BOOKMARK [2][-]{subsection.4.1}{\376\377\000F\000o\000r\000s\000c\000h\000u\000n\000g\000s\000s\000t\000a\000n\000d}{section.4}% 5
\BOOKMARK [2][-]{subsection.4.2}{\376\377\000T\000r\000a\000d\000i\000t\000i\000o\000n\000e\000l\000l\000e\000s\000\040\000N\000e\000t\000z\000w\000e\000r\000k}{section.4}% 6
\BOOKMARK [2][-]{subsection.4.3}{\376\377\000Z\000e\000r\000o\000\040\000T\000r\000u\000s\000t}{section.4}% 7
\BOOKMARK [3][-]{subsubsection.4.3.1}{\376\377\000A\000r\000c\000h\000i\000t\000e\000k\000t\000u\000r}{subsection.4.3}% 8
\BOOKMARK [3][-]{subsubsection.4.3.2}{\376\377\000A\000n\000w\000e\000n\000d\000u\000n\000g\000\040\000i\000n\000\040\000d\000e\000r\000\040\000P\000r\000a\000x\000i\000s}{subsection.4.3}% 9
\BOOKMARK [2][-]{subsection.4.4}{\376\377\000S\000c\000h\000l\000\374\000s\000s\000e\000l\000k\000o\000n\000z\000e\000p\000t\000e\000\040\000v\000o\000n\000\040\000Z\000e\000r\000o\000\040\000T\000r\000u\000s\000t}{section.4}% 10
\BOOKMARK [3][-]{subsubsection.4.4.1}{\376\377\000I\000d\000e\000n\000t\000i\000t\000\344\000t\000s\000-\000\040\000u\000n\000d\000\040\000Z\000u\000g\000r\000i\000f\000f\000s\000k\000o\000n\000t\000r\000o\000l\000l\000e}{subsection.4.4}% 11
\BOOKMARK [3][-]{subsubsection.4.4.2}{\376\377\000N\000e\000t\000z\000w\000e\000r\000k\000s\000e\000g\000m\000e\000n\000t\000i\000e\000r\000u\000n\000g}{subsection.4.4}% 12
\BOOKMARK [3][-]{subsubsection.4.4.3}{\376\377\000G\000e\000r\000\344\000t\000e\000s\000i\000c\000h\000e\000r\000h\000e\000i\000t}{subsection.4.4}% 13
\BOOKMARK [3][-]{subsubsection.4.4.4}{\376\377\000R\000i\000c\000h\000t\000l\000i\000n\000i\000e\000n\000b\000a\000s\000i\000e\000r\000t\000e\000r\000\040\000Z\000u\000g\000r\000i\000f\000f}{subsection.4.4}% 14
\BOOKMARK [3][-]{subsubsection.4.4.5}{\376\377\000\334\000b\000e\000r\000w\000a\000c\000h\000u\000n\000g\000\040\000u\000n\000d\000\040\000M\000o\000n\000i\000t\000o\000r\000i\000n\000g}{subsection.4.4}% 15
\BOOKMARK [3][-]{subsubsection.4.4.6}{\376\377\000A\000u\000s\000w\000a\000h\000l\000\040\000u\000n\000d\000\040\000E\000i\000n\000g\000r\000e\000n\000z\000u\000n\000g\000\040\000d\000e\000r\000\040\000K\000o\000n\000z\000e\000p\000t\000e}{subsection.4.4}% 16
\BOOKMARK [1][-]{section.5}{\376\377\000M\000e\000t\000h\000o\000d\000i\000k}{}% 17
\BOOKMARK [2][-]{subsection.5.1}{\376\377\000T\000e\000s\000t\000u\000m\000g\000e\000b\000u\000n\000g\0001\0000\000\045}{section.5}% 18
\BOOKMARK [1][-]{section.6}{\376\377\000E\000r\000g\000e\000b\000n\000i\000s\000s\000e\000\040\0001\0000\000-\0002\0000\000\045}{}% 19
\BOOKMARK [1][-]{section.7}{\376\377\000D\000i\000s\000k\000u\000s\000s\000i\000o\000n\000\040\0005\000-\0002\0000\000\045}{}% 20
\BOOKMARK [1][-]{section.8}{\376\377\000F\000a\000z\000i\000t\000\040\0005\000-\0001\0000\000\045}{}% 21
\BOOKMARK [1][-]{section.9}{\376\377\000L\000i\000t\000e\000r\000a\000t\000u\000r\000v\000e\000r\000z\000e\000i\000c\000h\000n\000i\000s}{}% 22
